0 info it worked if it ends with ok
1 verbose cli [ '/home/dsvdsv/projects/demo-web-ui/src/main/ui/node/node-v6.3.0-linux-x64/bin/node',
1 verbose cli   '/home/dsvdsv/projects/demo-web-ui/src/main/ui/node_modules/npm/bin/npm-cli.js',
1 verbose cli   'run',
1 verbose cli   'clean' ]
2 info using npm@3.10.5
3 info using node@v6.3.0
4 verbose stack Error: ENOENT: no such file or directory, open '/home/dsvdsv/projects/demo-web-ui/package.json'
4 verbose stack     at Error (native)
5 verbose cwd /home/dsvdsv/projects/demo-web-ui
6 error Linux 4.4.0-31-generic
7 error argv "/home/dsvdsv/projects/demo-web-ui/src/main/ui/node/node-v6.3.0-linux-x64/bin/node" "/home/dsvdsv/projects/demo-web-ui/src/main/ui/node_modules/npm/bin/npm-cli.js" "run" "clean"
8 error node v6.3.0
9 error npm  v3.10.5
10 error path /home/dsvdsv/projects/demo-web-ui/package.json
11 error code ENOENT
12 error errno -2
13 error syscall open
14 error enoent ENOENT: no such file or directory, open '/home/dsvdsv/projects/demo-web-ui/package.json'
15 error enoent ENOENT: no such file or directory, open '/home/dsvdsv/projects/demo-web-ui/package.json'
15 error enoent This is most likely not a problem with npm itself
15 error enoent and is related to npm not being able to find a file.
16 verbose exit [ -2, true ]
